2026-01-25 14:06:13,756 - INFO - Camera: Directory ready: data/videos
2026-01-25 14:06:13,757 - INFO - Camera: Directory ready: data/images
2026-01-25 14:06:13,757 - INFO - Camera: Directory ready: data/camera/temp
2026-01-25 14:06:32,252 - INFO - Camera: uvcvideo module is already loaded
2026-01-25 14:06:32,252 - INFO - Camera: Scanning for cameras (0 to 3)
2026-01-25 14:06:34,612 - INFO - Camera: Found valid camera at index 0
2026-01-25 14:06:34,823 - WARNING - Camera: Camera index 1 exists but cannot be opened
2026-01-25 14:06:34,824 - WARNING - Camera: Camera index 2 exists but cannot be opened
2026-01-25 14:06:34,824 - WARNING - Camera: Camera index 3 exists but cannot be opened
2026-01-25 14:06:34,825 - INFO - Camera: Camera initialization attempt 1/3
2026-01-25 14:06:35,238 - INFO - Camera: Set manual exposure to 500
2026-01-25 14:06:37,375 - INFO - Camera: Camera initialized successfully (index 0)
2026-01-25 14:10:58,777 - INFO - Camera: Camera released
2026-01-25 14:11:12,277 - INFO - Camera: Directory ready: data/videos
2026-01-25 14:11:12,277 - INFO - Camera: Directory ready: data/images
2026-01-25 14:11:12,278 - INFO - Camera: Directory ready: data/camera/temp
2026-01-25 14:12:04,688 - INFO - Camera: uvcvideo module is already loaded
2026-01-25 14:12:04,688 - INFO - Camera: Scanning for cameras (0 to 3)
2026-01-25 14:12:07,058 - INFO - Camera: Found valid camera at index 0
2026-01-25 14:12:07,307 - WARNING - Camera: Camera index 1 exists but cannot be opened
2026-01-25 14:12:07,307 - WARNING - Camera: Camera index 2 exists but cannot be opened
2026-01-25 14:12:07,308 - WARNING - Camera: Camera index 3 exists but cannot be opened
2026-01-25 14:12:07,308 - INFO - Camera: Camera initialization attempt 1/3
2026-01-25 14:12:07,721 - INFO - Camera: Set manual exposure to 500
2026-01-25 14:12:09,843 - INFO - Camera: Camera initialized successfully (index 0)
2026-01-25 14:14:37,289 - INFO - Camera: Camera released
2026-01-25 14:17:42,908 - INFO - Camera: Directory ready: data/videos
2026-01-25 14:17:42,909 - INFO - Camera: Directory ready: data/images
2026-01-25 14:17:42,909 - INFO - Camera: Directory ready: data/camera/temp
2026-01-25 14:18:22,909 - INFO - Camera: Webcam widget closed - cleanup complete
2026-01-25 14:31:51,953 - INFO - Camera: Directory ready: data/videos
2026-01-25 14:31:51,954 - INFO - Camera: Directory ready: data/images
2026-01-25 14:31:51,954 - INFO - Camera: Directory ready: data/camera/temp
2026-01-25 14:37:57,562 - INFO - Camera: Directory ready: data/videos
2026-01-25 14:37:57,563 - INFO - Camera: Directory ready: data/images
2026-01-25 14:37:57,563 - INFO - Camera: Directory ready: data/camera/temp
2026-01-25 14:41:33,888 - INFO - Camera: Directory ready: data/videos
2026-01-25 14:41:33,889 - INFO - Camera: Directory ready: data/images
2026-01-25 14:41:33,889 - INFO - Camera: Directory ready: data/camera/temp
2026-01-25 14:43:51,902 - INFO - Camera: Directory ready: data/videos
2026-01-25 14:43:51,903 - INFO - Camera: Directory ready: data/images
2026-01-25 14:43:51,904 - INFO - Camera: Directory ready: data/camera/temp
2026-01-25 15:21:55,393 - INFO - Camera: Directory ready: data/videos
2026-01-25 15:21:55,394 - INFO - Camera: Directory ready: data/images
2026-01-25 15:21:55,394 - INFO - Camera: Directory ready: data/camera/temp
